<?xml version="1.0" encoding="UTF-8"?>
<testsuite xmlns:xsi="http://www.w3.org/2001/XMLSchema-instance" xsi:noNamespaceSchemaLocation="https://maven.apache.org/surefire/maven-surefire-plugin/xsd/surefire-test-report.xsd" name="pl.bzowski.AppTest" time="0.024" tests="1" errors="0" skipped="0" failures="0">
  <properties>
    <property name="java.specification.version" value="14"/>
    <property name="sun.cpu.isalist" value="amd64"/>
    <property name="sun.jnu.encoding" value="Cp1250"/>
    <property name="java.class.path" value="C:\Users\mbzowski\IdeaProjects\trombone-trade-system\target\test-classes;C:\Users\mbzowski\IdeaProjects\trombone-trade-system\target\classes;D:\.m2\repository\org\ta4j\ta4j-core\0.14\ta4j-core-0.14.jar;D:\.m2\repository\ch\qos\logback\logback-core\1.2.10\logback-core-1.2.10.jar;D:\.m2\repository\ch\qos\logback\logback-classic\1.2.10\logback-classic-1.2.10.jar;D:\.m2\repository\org\slf4j\slf4j-api\1.7.32\slf4j-api-1.7.32.jar;D:\.m2\repository\junit\junit\4.11\junit-4.11.jar;D:\.m2\repository\org\hamcrest\hamcrest-core\1.3\hamcrest-core-1.3.jar;D:\.m2\repository\com\googlecode\json-simple\json-simple\1.1.1\json-simple-1.1.1.jar;D:\.m2\repository\org\jfree\jfreechart\1.5.3\jfreechart-1.5.3.jar;D:\.m2\repository\org\xerial\sqlite-jdbc\3.36.0.2\sqlite-jdbc-3.36.0.2.jar;"/>
    <property name="java.vm.vendor" value="Oracle Corporation"/>
    <property name="sun.arch.data.model" value="64"/>
    <property name="user.variant" value=""/>
    <property name="java.vendor.url" value="https://java.oracle.com/"/>
    <property name="user.timezone" value="Europe/Berlin"/>
    <property name="os.name" value="Windows 10"/>
    <property name="java.vm.specification.version" value="14"/>
    <property name="sun.java.launcher" value="SUN_STANDARD"/>
    <property name="user.country" value="PL"/>
    <property name="sun.boot.library.path" value="C:\Users\mbzowski\Tools\openjdk_14\bin"/>
    <property name="sun.java.command" value="C:\Users\mbzowski\AppData\Local\Temp\surefire5324390462284138935\surefirebooter7949226923558977286.jar C:\Users\mbzowski\AppData\Local\Temp\surefire5324390462284138935 2022-01-10T12-48-16_272-jvmRun1 surefire3415307554011044832tmp surefire_010164364129599552359tmp"/>
    <property name="jdk.debug" value="release"/>
    <property name="surefire.test.class.path" value="C:\Users\mbzowski\IdeaProjects\trombone-trade-system\target\test-classes;C:\Users\mbzowski\IdeaProjects\trombone-trade-system\target\classes;D:\.m2\repository\org\ta4j\ta4j-core\0.14\ta4j-core-0.14.jar;D:\.m2\repository\ch\qos\logback\logback-core\1.2.10\logback-core-1.2.10.jar;D:\.m2\repository\ch\qos\logback\logback-classic\1.2.10\logback-classic-1.2.10.jar;D:\.m2\repository\org\slf4j\slf4j-api\1.7.32\slf4j-api-1.7.32.jar;D:\.m2\repository\junit\junit\4.11\junit-4.11.jar;D:\.m2\repository\org\hamcrest\hamcrest-core\1.3\hamcrest-core-1.3.jar;D:\.m2\repository\com\googlecode\json-simple\json-simple\1.1.1\json-simple-1.1.1.jar;D:\.m2\repository\org\jfree\jfreechart\1.5.3\jfreechart-1.5.3.jar;D:\.m2\repository\org\xerial\sqlite-jdbc\3.36.0.2\sqlite-jdbc-3.36.0.2.jar;"/>
    <property name="sun.cpu.endian" value="little"/>
    <property name="user.home" value="C:\Users\mbzowski"/>
    <property name="user.language" value="pl"/>
    <property name="java.specification.vendor" value="Oracle Corporation"/>
    <property name="java.version.date" value="2020-03-17"/>
    <property name="java.home" value="C:\Users\mbzowski\Tools\openjdk_14"/>
    <property name="file.separator" value="\"/>
    <property name="basedir" value="C:\Users\mbzowski\IdeaProjects\trombone-trade-system"/>
    <property name="java.vm.compressedOopsMode" value="Zero based"/>
    <property name="line.separator" value="&#10;"/>
    <property name="java.vm.specification.vendor" value="Oracle Corporation"/>
    <property name="java.specification.name" value="Java Platform API Specification"/>
    <property name="surefire.real.class.path" value="C:\Users\mbzowski\AppData\Local\Temp\surefire5324390462284138935\surefirebooter7949226923558977286.jar"/>
    <property name="user.script" value=""/>
    <property name="sun.management.compiler" value="HotSpot 64-Bit Tiered Compilers"/>
    <property name="java.runtime.version" value="14+36-1461"/>
    <property name="user.name" value="mbzowski"/>
    <property name="path.separator" value=";"/>
    <property name="os.version" value="10.0"/>
    <property name="java.runtime.name" value="OpenJDK Runtime Environment"/>
    <property name="file.encoding" value="Cp1250"/>
    <property name="java.vm.name" value="OpenJDK 64-Bit Server VM"/>
    <property name="localRepository" value="D:\.m2\repository"/>
    <property name="java.vendor.url.bug" value="https://bugreport.java.com/bugreport/"/>
    <property name="java.io.tmpdir" value="C:\Users\mbzowski\AppData\Local\Temp\"/>
    <property name="java.version" value="14"/>
    <property name="user.dir" value="C:\Users\mbzowski\IdeaProjects\trombone-trade-system"/>
    <property name="os.arch" value="amd64"/>
    <property name="java.vm.specification.name" value="Java Virtual Machine Specification"/>
    <property name="sun.os.patch.level" value=""/>
    <property name="java.library.path" value="C:\Users\mbzowski\Tools\openjdk_14\bin;C:\WINDOWS\Sun\Java\bin;C:\WINDOWS\system32;C:\WINDOWS;C:\Program Files (x86)\Intel\Intel(R) Management Engine Components\iCLS\;C:\Program Files\Intel\Intel(R) Management Engine Components\iCLS\;C:\Windows\system32;C:\Windows;C:\Windows\System32\Wbem;C:\Windows\System32\WindowsPowerShell\v1.0\;C:\Program Files (x86)\Intel\Intel(R) Management Engine Components\DAL;C:\Program Files\Intel\Intel(R) Management Engine Components\DAL;C:\Program Files (x86)\Intel\Intel(R) Management Engine Components\IPT;C:\Program Files\Intel\Intel(R) Management Engine Components\IPT;C:\Program Files (x86)\NVIDIA Corporation\PhysX\Common;C:\Program Files\Intel\WiFi\bin\;C:\Program Files\Common Files\Intel\WirelessCommon\;C:\Program Files\Git\cmd;C:\PostgreSQL\pg11\bin;C:\WINDOWS\system32;C:\WINDOWS;C:\WINDOWS\System32\Wbem;C:\WINDOWS\System32\WindowsPowerShell\v1.0\;C:\WINDOWS\System32\OpenSSH\;C:\Users\mbzowski\AppData\Roaming\nvm;C:\Program Files\nodejs;C:\Program Files\Gauge\bin;C:\WINDOWS\system32;C:\WINDOWS;C:\WINDOWS\System32\Wbem;C:\WINDOWS\System32\WindowsPowerShell\v1.0\;C:\WINDOWS\System32\OpenSSH\;C:\Users\mbzowski\Tools\apache-maven-3.6.3\bin;C:\Users\mbzowski\AppData\Local\Microsoft\WindowsApps;C:\Users\mbzowski\AppData\Local\Programs\Microsoft VS Code\bin;C:\Users\mbzowski\AppData\Local\JetBrains\Toolbox\apps\IDEA-C\ch-0\182.5107.16\plugins\maven\lib\maven3\bin;C:\Users\mbzowski\AppData\Roaming\npm;."/>
    <property name="java.vm.info" value="mixed mode, sharing"/>
    <property name="java.vendor" value="Oracle Corporation"/>
    <property name="java.vm.version" value="14+36-1461"/>
    <property name="sun.io.unicode.encoding" value="UnicodeLittle"/>
    <property name="java.class.version" value="58.0"/>
  </properties>
  <testcase name="shouldAnswerWithTrue" classname="pl.bzowski.AppTest" time="0.001"/>
</testsuite>